; 2015-10-03T06:35:29+0000
; Warmup Test
; Test launched. Please check every minute for update.
[Test]
type=warmup
testId=1443854128729
testFile=test.1443854128729.log

[Minute 1]
rps=461.30

[Minute 2]
rps=508.94

[Minute 3]
rps=617.32

[Minute 4]
rps=540.99

[Minute 5]
rps=551.08

[Load Generator]
awsId=866263361147
andrewId=poorvaj
amiId=ami-312b5154
instanceId=i-d0a1bd05
instanceType=m3.medium
publicHostname=ec2-54-164-179-126.compute-1.amazonaws.com
ipAddress=54.164.179.126

[Elastic Load Balancer]
dns=project22elb-1497990402.us-east-1.elb.amazonaws.com

; Test finished
