; 2015-10-03T06:20:40+0000
; Warmup Test
; Test launched. Please check every minute for update.
[Test]
type=warmup
testId=1443853239687
testFile=test.1443853239687.log

[Minute 1]
rps=439.61

[Minute 2]
rps=570.09

[Minute 3]
rps=470.89

[Minute 4]
rps=654.62

[Minute 5]
rps=638.42

[Load Generator]
awsId=866263361147
andrewId=poorvaj
amiId=ami-312b5154
instanceId=i-d0a1bd05
instanceType=m3.medium
publicHostname=ec2-54-164-179-126.compute-1.amazonaws.com
ipAddress=54.164.179.126

[Elastic Load Balancer]
dns=project22elb-1497990402.us-east-1.elb.amazonaws.com

; Test finished
