tests-MacBook-Pro:h_scale poorvamittal$ python hscale_v7.py $sub_passwd
Creating Security group
Launching LG instance...
Waiting for instance to be in running statem Instance ID: i-52230687
Launching Base DC instance...
Waiting for instance to be in running statem Instance ID: i-392e0bec
Adding submission password to LG...
password sumbission response <!DOCTYPE html><html><head><title>MSB Load Generator</title></head><body>You have entered your submission password<br> Click <a href='/'>here</a> to return to the homepage.</body></html>
adding DC ec2-54-84-220-222.compute-1.amazonaws.comto LG ec2-54-165-94-216.compute-1.amazonaws.com
load generatorr added base DC DNS <!DOCTYPE html><html><head><title>MSB Load Generator</title></head><body><a href='/log?name=test.1443296173815.log'>Test</a> launched.</body></html>
SLEEPING for 100 secs.....zzzzzz
Current Average rps :514.7
Waiting for instance to be in running statem Instance ID: i-bb31146e
Adding DC ec2-52-23-239-19.compute-1.amazonaws.com to load generator
SLEEPING for 100 secs.....zzzzzz
Current Average rps :1251.84
Waiting for instance to be in running statem Instance ID: i-6ce2dfcf
Adding DC ec2-54-152-104-76.compute-1.amazonaws.com to load generator
SLEEPING for 100 secs.....zzzzzz
Current Average rps :1838.14
Waiting for instance to be in running statem Instance ID: i-d3d8e570
Adding DC ec2-54-152-32-254.compute-1.amazonaws.com to load generator
SLEEPING for 100 secs.....zzzzzz
Current Average rps :1900.19
Waiting for instance to be in running statem Instance ID: i-e3d4e940
Adding DC ec2-52-23-200-247.compute-1.amazonaws.com to load generator
SLEEPING for 100 secs.....zzzzzz
Current Average rps :2648.81
Waiting for instance to be in running statem Instance ID: i-470e2b92
Adding DC ec2-54-173-251-164.compute-1.amazonaws.com to load generator
SLEEPING for 100 secs.....zzzzzz
Current Average rps :3957.38
Waiting for instance to be in running statem Instance ID: i-06c8f5a5
^CTraceback (most recent call last):
  File "hscale_v7.py", line 166, in <module>
    dc_inst_id = createInsatance(IMAGEDC, INSTANCE_TYPE, KEY_NAME, [sec_group_name])
  File "hscale_v7.py", line 57, in createInsatance
    time.sleep(120)
KeyboardInterrupt
tests-MacBook-Pro:h_scale poorvamittal$ 
