; 2015-09-23T08:41:35+0000
; Vertical Scaling Test
; Test launched. Please check every minute for update.
[Test]
type=vertical
testId=1442997695678
testFile=test.1442997695678.log

[Minute 1]
rps=788.74

[Minute 2]
rps=846.63

[Minute 3]
rps=846.89

[Minute 4]
rps=844.93

[Minute 5]
rps=846.38

[Load Generator]
awsId=866263361147
andrewId=poorvaj
amiId=ami-4389fb26
instanceId=i-47da9d92
instanceType=m3.medium
publicHostname=ec2-54-172-123-136.compute-1.amazonaws.com
ipAddress=54.172.123.136
passwd=J1r7qYKNXoybOnqk1q0qrxLvCGb8z8aG

[Data Center]
instanceType=t2.large
andrewId=poorvaj
instanceId=i-82256357
amiId=ami-abb8cace
publicHostname=ec2-54-84-226-20.compute-1.amazonaws.com
ipAddress=54.84.226.20
awsId=866263361147

; MSB is validating...
; MSB congratulates you on completing vertical scaling test on a large instance!
; Your mean rps of last 4 minutes for this type is 846.21.
; Test finished
Your submission is received, the token is CD15619Pp21AIDpoorvajTM20150923044645008. Wait and check tpz for the score. 
