; 2015-09-23T08:08:23+0000
; Vertical Scaling Test
; Test launched. Please check every minute for update.
[Test]
type=vertical
testId=1442995703504
testFile=test.1442995703504.log

[Minute 1]
rps=644.37

[Minute 2]
rps=705.08

[Minute 3]
rps=708.18

[Minute 4]
rps=708.86

[Minute 5]
rps=707.63

[Load Generator]
awsId=866263361147
andrewId=poorvaj
amiId=ami-4389fb26
instanceId=i-47da9d92
instanceType=m3.medium
publicHostname=ec2-54-172-123-136.compute-1.amazonaws.com
ipAddress=54.172.123.136
passwd=J1r7qYKNXoybOnqk1q0qrxLvCGb8z8aG

[Data Center]
instanceType=t2.small
andrewId=poorvaj
instanceId=i-d5590176
amiId=ami-abb8cace
publicHostname=ec2-54-86-53-133.compute-1.amazonaws.com
ipAddress=54.86.53.133
awsId=866263361147

; MSB is validating...
; MSB congratulates you on completing vertical scaling test on a small instance!
; Your mean rps of last 4 minutes for this type is 707.44.
; Test finished
Your submission is received, the token is CD15619Pp21AIDpoorvajTM20150923041333479. Wait and check tpz for the score. 
