; 2015-09-26T20:31:59+0000
; Elastic Load Balancer Test
; Test launched. Please check every minute for update.
[Test]
type=elb
testId=1443299519121
testFile=test.1443299519121.log

[Minute 1]
rps=1653.69

[Minute 2]
rps=520.51

[Minute 3]
rps=459.88

[Minute 4]
rps=469.29

[Minute 5]
rps=506.34

[Minute 6]
rps=538.48

[Minute 7]
rps=489.61

[Minute 8]
rps=532.18

[Minute 9]
rps=2204.57

[Minute 10]
rps=522.21

[Minute 11]
rps=552.31

[Minute 12]
rps=459.18

[Minute 13]
rps=3487.54

[Minute 14]
rps=3480.27

[Minute 15]
rps=3416.60

[Load Generator]
awsId=866263361147
andrewId=poorvaj
amiId=ami-4389fb26
instanceId=i-52230687
instanceType=m3.medium
publicHostname=ec2-54-165-94-216.compute-1.amazonaws.com
ipAddress=54.165.94.216
passwd=J1r7qYKNXoybOnqk1q0qrxLvCGb8z8aG

[Elastic Load Balancer]
dns=project21elb-10596283.us-east-1.elb.amazonaws.com

; MSB is validating...
; Your rps = 1259.926392 seems too low. Please try again if you have budget left.
; Please be sure that ELB is connected to all instances you launched in Manual Scaling Test.
; Please make sure all instances connected are healthy.
; Test finished
Your submission is received, the token is CD15619Pp21AIDpoorvajTM20150926164651179. Wait and check tpz for the score. 
